Detecting compiler hash for triplet x64-linux...
All requested packages are currently installed.
Restored 0 package(s) from /home/pdancak/.cache/vcpkg/archives in 1.142 us. Use --debug to see more details.

Total elapsed time: 315.7 ms
glad provides CMake targets:

    # this is heuristically generated, and may not be correct
    find_package(glad CONFIG REQUIRED)
    target_link_libraries(main PRIVATE glad::glad)

glfw3 provides CMake targets:

    # this is heuristically generated, and may not be correct
    find_package(glfw3 CONFIG REQUIRED)
    target_link_libraries(main PRIVATE glfw)

glm provides CMake targets:

    # this is heuristically generated, and may not be correct
    find_package(glm CONFIG REQUIRED)
    target_link_libraries(main PRIVATE glm::glm)

gtest provides CMake targets:

    # this is heuristically generated, and may not be correct
    find_package(GTest CONFIG REQUIRED)
    target_link_libraries(main PRIVATE GTest::gmock GTest::gtest GTest::gmock_main GTest::gtest_main)

imgui provides CMake targets:

    # this is heuristically generated, and may not be correct
    find_package(imgui CONFIG REQUIRED)
    target_link_libraries(main PRIVATE imgui::imgui)

The package lodepng provides CMake targets:

    # C API
    find_package(lodepng-c CONFIG REQUIRED)
    target_link_libraries(main PRIVATE lodepng-c)

    # C++ API
    find_package(lodepng CONFIG REQUIRED)
    target_link_libraries(main PRIVATE lodepng)

stb is header-only and can be used from CMake via:

    find_path(STB_INCLUDE_DIRS "stb_c_lexer.h")
    target_include_directories(main PRIVATE ${STB_INCLUDE_DIRS})

tinyobjloader provides CMake targets:

    # this is heuristically generated, and may not be correct
    find_package(tinyobjloader CONFIG REQUIRED)
    target_link_libraries(main PRIVATE tinyobjloader::tinyobjloader)

toml11 provides CMake targets:

    # this is heuristically generated, and may not be correct
    find_package(toml11 CONFIG REQUIRED)
    target_link_libraries(main PRIVATE toml11::toml11)

