Performing C++ SOURCE FILE Test CMAKE_HAVE_LIBC_PTHREAD failed with the following output:
Change Dir: /home/pdancak/school/MrPain_T/PA010/proj1/mine2/build/CMakeFiles/CMakeTmp

Run Build Command(s):/usr/bin/gmake -f Makefile cmTC_905b6/fast && /usr/bin/gmake  -f CMakeFiles/cmTC_905b6.dir/build.make CMakeFiles/cmTC_905b6.dir/build
gmake[1]: Entering directory '/home/pdancak/school/MrPain_T/PA010/proj1/mine2/build/CMakeFiles/CMakeTmp'
Building CXX object CMakeFiles/cmTC_905b6.dir/src.cxx.o
/usr/lib64/ccache/c++ -DCMAKE_HAVE_LIBC_PTHREAD   -o CMakeFiles/cmTC_905b6.dir/src.cxx.o -c /home/pdancak/school/MrPain_T/PA010/proj1/mine2/build/CMakeFiles/CMakeTmp/src.cxx
Linking CXX executable cmTC_905b6
/usr/local/bin/cmake -E cmake_link_script CMakeFiles/cmTC_905b6.dir/link.txt --verbose=1
/usr/lib64/ccache/c++ CMakeFiles/cmTC_905b6.dir/src.cxx.o -o cmTC_905b6 
/usr/bin/ld: CMakeFiles/cmTC_905b6.dir/src.cxx.o: in function `main':
src.cxx:(.text+0x2d): undefined reference to `pthread_create'
/usr/bin/ld: src.cxx:(.text+0x39): undefined reference to `pthread_detach'
/usr/bin/ld: src.cxx:(.text+0x45): undefined reference to `pthread_cancel'
/usr/bin/ld: src.cxx:(.text+0x56): undefined reference to `pthread_join'
collect2: error: ld returned 1 exit status
gmake[1]: *** [CMakeFiles/cmTC_905b6.dir/build.make:99: cmTC_905b6] Error 1
gmake[1]: Leaving directory '/home/pdancak/school/MrPain_T/PA010/proj1/mine2/build/CMakeFiles/CMakeTmp'
gmake: *** [Makefile:127: cmTC_905b6/fast] Error 2


Source file was:
#include <pthread.h>

static void* test_func(void* data)
{
  return data;
}

int main(void)
{
  pthread_t thread;
  pthread_create(&thread, NULL, test_func, NULL);
  pthread_detach(thread);
  pthread_cancel(thread);
  pthread_join(thread, NULL);
  pthread_atfork(NULL, NULL, NULL);
  pthread_exit(NULL);

  return 0;
}

Determining if the function pthread_create exists in the pthreads failed with the following output:
Change Dir: /home/pdancak/school/MrPain_T/PA010/proj1/mine2/build/CMakeFiles/CMakeTmp

Run Build Command(s):/usr/bin/gmake -f Makefile cmTC_49211/fast && /usr/bin/gmake  -f CMakeFiles/cmTC_49211.dir/build.make CMakeFiles/cmTC_49211.dir/build
gmake[1]: Entering directory '/home/pdancak/school/MrPain_T/PA010/proj1/mine2/build/CMakeFiles/CMakeTmp'
Building CXX object CMakeFiles/cmTC_49211.dir/CheckFunctionExists.cxx.o
/usr/lib64/ccache/c++   -DCHECK_FUNCTION_EXISTS=pthread_create -o CMakeFiles/cmTC_49211.dir/CheckFunctionExists.cxx.o -c /home/pdancak/school/MrPain_T/PA010/proj1/mine2/build/CMakeFiles/CheckLibraryExists/CheckFunctionExists.cxx
Linking CXX executable cmTC_49211
/usr/local/bin/cmake -E cmake_link_script CMakeFiles/cmTC_49211.dir/link.txt --verbose=1
/usr/lib64/ccache/c++  -DCHECK_FUNCTION_EXISTS=pthread_create CMakeFiles/cmTC_49211.dir/CheckFunctionExists.cxx.o -o cmTC_49211  -lpthreads 
/usr/bin/ld: cannot find -lpthreads
collect2: error: ld returned 1 exit status
gmake[1]: *** [CMakeFiles/cmTC_49211.dir/build.make:99: cmTC_49211] Error 1
gmake[1]: Leaving directory '/home/pdancak/school/MrPain_T/PA010/proj1/mine2/build/CMakeFiles/CMakeTmp'
gmake: *** [Makefile:127: cmTC_49211/fast] Error 2



